This is pdfTeX, Version 3.14159265-2.6-1.40.15 (MiKTeX 2.9 64-bit) (preloaded format=pdflatex 2015.10.26)  6 MAY 2017 23:11
entering extended mode
**pracav1.tex
(pracav1.tex
LaTeX2e <2014/05/01>
Babel <3.9l> and hyphenation patterns for 68 languages loaded.
(dyplom.cls
Document Class: dyplom 
(E:\MiKTeX\tex\latex\mwcls\mwrep.cls
Document Class: mwrep 2009/09/27 v0.74 A LaTeX document class (MW)
*** Beta version. Formatting may change
*** in future versions of this class.
\l@nohyphenation=\language69
(E:\MiKTeX\tex\latex\mwcls\mw12.clo
File: mw12.clo 2009/09/27 v0.74 A document class size option (MW)
)
\@parindent=\dimen102
\c@part=\count79
\c@chapter=\count80
\c@section=\count81
\c@subsection=\count82
\c@subsubsection=\count83
\c@paragraph=\count84
\c@subparagraph=\count85
\c@figure=\count86
\c@table=\count87
\abovecaptionskip=\skip41
\belowcaptionskip=\skip42
\bibindent=\dimen103
) (E:\MiKTeX\tex\latex\polski\polski.sty
Package: polski 2008/02/24 v1.3.3 Polish language package

Document language package `polski' v1.3.3 <2008/02/24>
(E:\MiKTeX\tex\latex\base\ot4enc.def
File: ot4enc.def 2005/09/27 v1.99g Standard LaTeX file
)) (E:\MiKTeX\tex\latex\tools\array.sty
Package: array 2014/10/28 v2.4c Tabular extension package (FMi)
\col@sep=\dimen104
\extrarowheight=\dimen105
\NC@list=\toks14
\extratabsurround=\skip43
\backup@length=\skip44
)
(E:\MiKTeX\tex\latex\graphics\graphicx.sty
Package: graphicx 2014/10/28 v1.0g Enhanced LaTeX Graphics (DPC,SPQR)

(E:\MiKTeX\tex\latex\graphics\keyval.sty
Package: keyval 2014/10/28 v1.15 key=value parser (DPC)
\KV@toks@=\toks15
)
(E:\MiKTeX\tex\latex\graphics\graphics.sty
Package: graphics 2014/10/28 v1.0p Standard LaTeX Graphics (DPC,SPQR)

(E:\MiKTeX\tex\latex\graphics\trig.sty
Package: trig 1999/03/16 v1.09 sin cos tan (DPC)
)
(E:\MiKTeX\tex\latex\00miktex\graphics.cfg
File: graphics.cfg 2007/01/18 v1.5 graphics configuration of teTeX/TeXLive
)
Package graphics Info: Driver file: pdftex.def on input line 91.

(E:\MiKTeX\tex\latex\pdftex-def\pdftex.def
File: pdftex.def 2011/05/27 v0.06d Graphics/color for pdfTeX

(E:\MiKTeX\tex\generic\oberdiek\infwarerr.sty
Package: infwarerr 2010/04/08 v1.3 Providing info/warning/error messages (HO)
)
(E:\MiKTeX\tex\generic\oberdiek\ltxcmds.sty
Package: ltxcmds 2011/11/09 v1.22 LaTeX kernel commands for general use (HO)
)
\Gread@gobject=\count88
))
\Gin@req@height=\dimen106
\Gin@req@width=\dimen107
)
(E:\MiKTeX\tex\latex\setspace\setspace.sty
Package: setspace 2011/12/19 v6.7a set line spacing
)
LaTeX Font Info:    Try loading font information for OT4+cmr on input line 42.

(E:\MiKTeX\tex\latex\polski\ot4cmr.fd
File: ot4cmr.fd 2008/02/24 v1.2.1 Font defs for fonts PL (MW)
)
(E:\MiKTeX\tex\latex\geometry\geometry.sty
Package: geometry 2010/09/12 v5.6 Page Geometry

(E:\MiKTeX\tex\generic\oberdiek\ifpdf.sty
Package: ifpdf 2011/01/30 v2.3 Provides the ifpdf switch (HO)
Package ifpdf Info: pdfTeX in PDF mode is detected.
)
(E:\MiKTeX\tex\generic\oberdiek\ifvtex.sty
Package: ifvtex 2010/03/01 v1.5 Detect VTeX and its facilities (HO)
Package ifvtex Info: VTeX not detected.
)
(E:\MiKTeX\tex\generic\ifxetex\ifxetex.sty
Package: ifxetex 2010/09/12 v0.6 Provides ifxetex conditional
)
\Gm@cnth=\count89
\Gm@cntv=\count90
\c@Gm@tempcnt=\count91
\Gm@bindingoffset=\dimen108
\Gm@wd@mp=\dimen109
\Gm@odd@mp=\dimen110
\Gm@even@mp=\dimen111
\Gm@layoutwidth=\dimen112
\Gm@layoutheight=\dimen113
\Gm@layouthoffset=\dimen114
\Gm@layoutvoffset=\dimen115
\Gm@dimlist=\toks16

(E:\MiKTeX\tex\latex\geometry\geometry.cfg))
(E:\MiKTeX\tex\latex\tex-gyre\tgtermes.sty
Package: tgtermes 2009/09/27 v1.2 TeX Gyre Termes as default roman family

(E:\MiKTeX\tex\latex\oberdiek\kvoptions.sty
Package: kvoptions 2011/06/30 v3.11 Key value format for package options (HO)

(E:\MiKTeX\tex\generic\oberdiek\kvsetkeys.sty
Package: kvsetkeys 2012/04/25 v1.16 Key value parser (HO)

(E:\MiKTeX\tex\generic\oberdiek\etexcmds.sty
Package: etexcmds 2011/02/16 v1.5 Avoid name clashes with e-TeX commands (HO)

(E:\MiKTeX\tex\generic\oberdiek\ifluatex.sty
Package: ifluatex 2010/03/01 v1.3 Provides the ifluatex switch (HO)
Package ifluatex Info: LuaTeX not detected.
)
Package etexcmds Info: Could not find \expanded.
(etexcmds)             That can mean that you are not using pdfTeX 1.50 or
(etexcmds)             that some package has redefined \expanded.
(etexcmds)             In the latter case, load this package earlier.
))))
(E:\MiKTeX\tex\latex\textpos\textpos.sty
Package: textpos 2014/01/03 v1.7j

Package: textpos 2014/01/03 1.7j, absolute positioning of text on the page
(E:\MiKTeX\tex\latex\ms\everyshi.sty
Package: everyshi 2001/05/15 v3.00 EveryShipout Package (MS)
)
\TP@textbox=\box26
\TP@holdbox=\box27
\TPHorizModule=\dimen116
\TPVertModule=\dimen117
\TP@margin=\dimen118
\TP@absmargin=\dimen119

Grid set 16 x 16 = 37.34424pt x 52.81541pt
\TPboxrulesize=\dimen120
\TP@ox=\dimen121
\TP@oy=\dimen122
\TP@tbargs=\toks17
\TP@prevdepth=\dimen123
TextBlockOrigin set to 0pt x 0pt
) (E:\MiKTeX\tex\latex\xcolor\xcolor.sty
Package: xcolor 2007/01/21 v2.11 LaTeX color extensions (UK)

(E:\MiKTeX\tex\latex\00miktex\color.cfg
File: color.cfg 2007/01/18 v1.5 color configuration of teTeX/TeXLive
)
Package xcolor Info: Driver file: pdftex.def on input line 225.
Package xcolor Info: Model `cmy' substituted by `cmy0' on input line 1337.
Package xcolor Info: Model `hsb' substituted by `rgb' on input line 1341.
Package xcolor Info: Model `RGB' extended on input line 1353.
Package xcolor Info: Model `HTML' substituted by `rgb' on input line 1355.
Package xcolor Info: Model `Hsb' substituted by `hsb' on input line 1356.
Package xcolor Info: Model `tHsb' substituted by `hsb' on input line 1357.
Package xcolor Info: Model `HSB' substituted by `hsb' on input line 1358.
Package xcolor Info: Model `Gray' substituted by `gray' on input line 1359.
Package xcolor Info: Model `wave' substituted by `hsb' on input line 1360.
))
(E:\MiKTeX\tex\latex\base\inputenc.sty
Package: inputenc 2014/04/30 v1.2b Input encoding file
\inpenc@prehook=\toks18
\inpenc@posthook=\toks19
 (E:\MiKTeX\tex\latex\base\utf8.def
File: utf8.def 2014/09/29 v1.1m UTF-8 support for inputenc
Now handling font encoding OML ...
... no UTF-8 mapping file for font encoding OML
Now handling font encoding T1 ...
... processing UTF-8 mapping file for font encoding T1

(E:\MiKTeX\tex\latex\base\t1enc.dfu
File: t1enc.dfu 2014/09/29 v1.1m UTF-8 support for inputenc
   defining Unicode char U+00A1 (decimal 161)
   defining Unicode char U+00A3 (decimal 163)
   defining Unicode char U+00AB (decimal 171)
   defining Unicode char U+00BB (decimal 187)
   defining Unicode char U+00BF (decimal 191)
   defining Unicode char U+00C0 (decimal 192)
   defining Unicode char U+00C1 (decimal 193)
   defining Unicode char U+00C2 (decimal 194)
   defining Unicode char U+00C3 (decimal 195)
   defining Unicode char U+00C4 (decimal 196)
   defining Unicode char U+00C5 (decimal 197)
   defining Unicode char U+00C6 (decimal 198)
   defining Unicode char U+00C7 (decimal 199)
   defining Unicode char U+00C8 (decimal 200)
   defining Unicode char U+00C9 (decimal 201)
   defining Unicode char U+00CA (decimal 202)
   defining Unicode char U+00CB (decimal 203)
   defining Unicode char U+00CC (decimal 204)
   defining Unicode char U+00CD (decimal 205)
   defining Unicode char U+00CE (decimal 206)
   defining Unicode char U+00CF (decimal 207)
   defining Unicode char U+00D0 (decimal 208)
   defining Unicode char U+00D1 (decimal 209)
   defining Unicode char U+00D2 (decimal 210)
   defining Unicode char U+00D3 (decimal 211)
   defining Unicode char U+00D4 (decimal 212)
   defining Unicode char U+00D5 (decimal 213)
   defining Unicode char U+00D6 (decimal 214)
   defining Unicode char U+00D8 (decimal 216)
   defining Unicode char U+00D9 (decimal 217)
   defining Unicode char U+00DA (decimal 218)
   defining Unicode char U+00DB (decimal 219)
   defining Unicode char U+00DC (decimal 220)
   defining Unicode char U+00DD (decimal 221)
   defining Unicode char U+00DE (decimal 222)
   defining Unicode char U+00DF (decimal 223)
   defining Unicode char U+00E0 (decimal 224)
   defining Unicode char U+00E1 (decimal 225)
   defining Unicode char U+00E2 (decimal 226)
   defining Unicode char U+00E3 (decimal 227)
   defining Unicode char U+00E4 (decimal 228)
   defining Unicode char U+00E5 (decimal 229)
   defining Unicode char U+00E6 (decimal 230)
   defining Unicode char U+00E7 (decimal 231)
   defining Unicode char U+00E8 (decimal 232)
   defining Unicode char U+00E9 (decimal 233)
   defining Unicode char U+00EA (decimal 234)
   defining Unicode char U+00EB (decimal 235)
   defining Unicode char U+00EC (decimal 236)
   defining Unicode char U+00ED (decimal 237)
   defining Unicode char U+00EE (decimal 238)
   defining Unicode char U+00EF (decimal 239)
   defining Unicode char U+00F0 (decimal 240)
   defining Unicode char U+00F1 (decimal 241)
   defining Unicode char U+00F2 (decimal 242)
   defining Unicode char U+00F3 (decimal 243)
   defining Unicode char U+00F4 (decimal 244)
   defining Unicode char U+00F5 (decimal 245)
   defining Unicode char U+00F6 (decimal 246)
   defining Unicode char U+00F8 (decimal 248)
   defining Unicode char U+00F9 (decimal 249)
   defining Unicode char U+00FA (decimal 250)
   defining Unicode char U+00FB (decimal 251)
   defining Unicode char U+00FC (decimal 252)
   defining Unicode char U+00FD (decimal 253)
   defining Unicode char U+00FE (decimal 254)
   defining Unicode char U+00FF (decimal 255)
   defining Unicode char U+0102 (decimal 258)
   defining Unicode char U+0103 (decimal 259)
   defining Unicode char U+0104 (decimal 260)
   defining Unicode char U+0105 (decimal 261)
   defining Unicode char U+0106 (decimal 262)
   defining Unicode char U+0107 (decimal 263)
   defining Unicode char U+010C (decimal 268)
   defining Unicode char U+010D (decimal 269)
   defining Unicode char U+010E (decimal 270)
   defining Unicode char U+010F (decimal 271)
   defining Unicode char U+0110 (decimal 272)
   defining Unicode char U+0111 (decimal 273)
   defining Unicode char U+0118 (decimal 280)
   defining Unicode char U+0119 (decimal 281)
   defining Unicode char U+011A (decimal 282)
   defining Unicode char U+011B (decimal 283)
   defining Unicode char U+011E (decimal 286)
   defining Unicode char U+011F (decimal 287)
   defining Unicode char U+0130 (decimal 304)
   defining Unicode char U+0131 (decimal 305)
   defining Unicode char U+0132 (decimal 306)
   defining Unicode char U+0133 (decimal 307)
   defining Unicode char U+0139 (decimal 313)
   defining Unicode char U+013A (decimal 314)
   defining Unicode char U+013D (decimal 317)
   defining Unicode char U+013E (decimal 318)
   defining Unicode char U+0141 (decimal 321)
   defining Unicode char U+0142 (decimal 322)
   defining Unicode char U+0143 (decimal 323)
   defining Unicode char U+0144 (decimal 324)
   defining Unicode char U+0147 (decimal 327)
   defining Unicode char U+0148 (decimal 328)
   defining Unicode char U+014A (decimal 330)
   defining Unicode char U+014B (decimal 331)
   defining Unicode char U+0150 (decimal 336)
   defining Unicode char U+0151 (decimal 337)
   defining Unicode char U+0152 (decimal 338)
   defining Unicode char U+0153 (decimal 339)
   defining Unicode char U+0154 (decimal 340)
   defining Unicode char U+0155 (decimal 341)
   defining Unicode char U+0158 (decimal 344)
   defining Unicode char U+0159 (decimal 345)
   defining Unicode char U+015A (decimal 346)
   defining Unicode char U+015B (decimal 347)
   defining Unicode char U+015E (decimal 350)
   defining Unicode char U+015F (decimal 351)
   defining Unicode char U+0160 (decimal 352)
   defining Unicode char U+0161 (decimal 353)
   defining Unicode char U+0162 (decimal 354)
   defining Unicode char U+0163 (decimal 355)
   defining Unicode char U+0164 (decimal 356)
   defining Unicode char U+0165 (decimal 357)
   defining Unicode char U+016E (decimal 366)
   defining Unicode char U+016F (decimal 367)
   defining Unicode char U+0170 (decimal 368)
   defining Unicode char U+0171 (decimal 369)
   defining Unicode char U+0178 (decimal 376)
   defining Unicode char U+0179 (decimal 377)
   defining Unicode char U+017A (decimal 378)
   defining Unicode char U+017B (decimal 379)
   defining Unicode char U+017C (decimal 380)
   defining Unicode char U+017D (decimal 381)
   defining Unicode char U+017E (decimal 382)
   defining Unicode char U+200C (decimal 8204)
   defining Unicode char U+2013 (decimal 8211)
   defining Unicode char U+2014 (decimal 8212)
   defining Unicode char U+2018 (decimal 8216)
   defining Unicode char U+2019 (decimal 8217)
   defining Unicode char U+201A (decimal 8218)
   defining Unicode char U+201C (decimal 8220)
   defining Unicode char U+201D (decimal 8221)
   defining Unicode char U+201E (decimal 8222)
   defining Unicode char U+2030 (decimal 8240)
   defining Unicode char U+2031 (decimal 8241)
   defining Unicode char U+2039 (decimal 8249)
   defining Unicode char U+203A (decimal 8250)
   defining Unicode char U+2423 (decimal 9251)
)
Now handling font encoding OT1 ...
... processing UTF-8 mapping file for font encoding OT1
 (E:\MiKTeX\tex\latex\base\ot1enc.dfu
File: ot1enc.dfu 2014/09/29 v1.1m UTF-8 support for inputenc
   defining Unicode char U+00A1 (decimal 161)
   defining Unicode char U+00A3 (decimal 163)
   defining Unicode char U+00B8 (decimal 184)
   defining Unicode char U+00BF (decimal 191)
   defining Unicode char U+00C5 (decimal 197)
   defining Unicode char U+00C6 (decimal 198)
   defining Unicode char U+00D8 (decimal 216)
   defining Unicode char U+00DF (decimal 223)
   defining Unicode char U+00E6 (decimal 230)
   defining Unicode char U+00EC (decimal 236)
   defining Unicode char U+00ED (decimal 237)
   defining Unicode char U+00EE (decimal 238)
   defining Unicode char U+00EF (decimal 239)
   defining Unicode char U+00F8 (decimal 248)
   defining Unicode char U+0131 (decimal 305)
   defining Unicode char U+0141 (decimal 321)
   defining Unicode char U+0142 (decimal 322)
   defining Unicode char U+0152 (decimal 338)
   defining Unicode char U+0153 (decimal 339)
   defining Unicode char U+2013 (decimal 8211)
   defining Unicode char U+2014 (decimal 8212)
   defining Unicode char U+2018 (decimal 8216)
   defining Unicode char U+2019 (decimal 8217)
   defining Unicode char U+201C (decimal 8220)
   defining Unicode char U+201D (decimal 8221)
)
Now handling font encoding OMS ...
... processing UTF-8 mapping file for font encoding OMS

(E:\MiKTeX\tex\latex\base\omsenc.dfu
File: omsenc.dfu 2014/09/29 v1.1m UTF-8 support for inputenc
   defining Unicode char U+00A7 (decimal 167)
   defining Unicode char U+00B6 (decimal 182)
   defining Unicode char U+00B7 (decimal 183)
   defining Unicode char U+2020 (decimal 8224)
   defining Unicode char U+2021 (decimal 8225)
   defining Unicode char U+2022 (decimal 8226)
)
Now handling font encoding OMX ...
... no UTF-8 mapping file for font encoding OMX
Now handling font encoding U ...
... no UTF-8 mapping file for font encoding U
Now handling font encoding OT4 ...
... no UTF-8 mapping file for font encoding OT4
   defining Unicode char U+00A9 (decimal 169)
   defining Unicode char U+00AA (decimal 170)
   defining Unicode char U+00AE (decimal 174)
   defining Unicode char U+00BA (decimal 186)
   defining Unicode char U+02C6 (decimal 710)
   defining Unicode char U+02DC (decimal 732)
   defining Unicode char U+200C (decimal 8204)
   defining Unicode char U+2026 (decimal 8230)
   defining Unicode char U+2122 (decimal 8482)
   defining Unicode char U+2423 (decimal 9251)
))
(E:\MiKTeX\tex\latex\wrapfig\wrapfig.sty
\wrapoverhang=\dimen124
\WF@size=\dimen125
\c@WF@wrappedlines=\count92
\WF@box=\box28
\WF@everypar=\toks20
Package: wrapfig 2003/01/31  v 3.6
) (E:\MiKTeX\tex\latex\float\float.sty
Package: float 2001/11/08 v1.3d Float enhancements (AL)
\c@float@type=\count93
\float@exts=\toks21
\float@box=\box29
\@float@everytoks=\toks22
\@floatcapt=\box30
) (E:\MiKTeX\tex\latex\multirow\multirow.sty
\bigstrutjot=\dimen126
) (pracav1.aux

LaTeX Warning: Label `my-label' multiply defined.


LaTeX Warning: Label `my-label' multiply defined.

)
LaTeX Font Info:    Checking defaults for OML/cmm/m/it on input line 20.
LaTeX Font Info:    ... okay on input line 20.
LaTeX Font Info:    Checking defaults for T1/cmr/m/n on input line 20.
LaTeX Font Info:    ... okay on input line 20.
LaTeX Font Info:    Checking defaults for OT1/cmr/m/n on input line 20.
LaTeX Font Info:    ... okay on input line 20.
LaTeX Font Info:    Checking defaults for OMS/cmsy/m/n on input line 20.
LaTeX Font Info:    ... okay on input line 20.
LaTeX Font Info:    Checking defaults for OMX/cmex/m/n on input line 20.
LaTeX Font Info:    ... okay on input line 20.
LaTeX Font Info:    Checking defaults for U/cmr/m/n on input line 20.
LaTeX Font Info:    ... okay on input line 20.
LaTeX Font Info:    Checking defaults for OT4/cmr/m/n on input line 20.
LaTeX Font Info:    ... okay on input line 20.
LaTeX Font Info:    Try loading font information for OT4+qtm on input line 20.
 (E:\MiKTeX\tex\latex\tex-gyre\ot4qtm.fd
File: ot4qtm.fd 2009/09/25 v1.2 font definition file for OT4/qtm
)
(E:\MiKTeX\tex\context\base\supp-pdf.mkii
[Loading MPS to PDF converter (version 2006.09.02).]
\scratchcounter=\count94
\scratchdimen=\dimen127
\scratchbox=\box31
\nofMPsegments=\count95
\nofMParguments=\count96
\everyMPshowfont=\toks23
\MPscratchCnt=\count97
\MPscratchDim=\dimen128
\MPnumerator=\count98
\makeMPintoPDFobject=\count99
\everyMPtoPDFconversion=\toks24
)
*geometry* driver: auto-detecting
*geometry* detected driver: pdftex
*geometry* verbose mode - [ preamble ] result:
* driver: pdftex
* paper: a4paper
* layout: <same size as paper>
* layoutoffset:(h,v)=(0.0pt,0.0pt)
* modes: 
* h-part:(L,W,R)=(99.58464pt, 426.79135pt, 71.13188pt)
* v-part:(T,H,B)=(71.13188pt, 702.78308pt, 71.13188pt)
* \paperwidth=597.50787pt
* \paperheight=845.04684pt
* \textwidth=426.79135pt
* \textheight=702.78308pt
* \oddsidemargin=27.31465pt
* \evensidemargin=27.31465pt
* \topmargin=-32.1381pt
* \headheight=14.5pt
* \headsep=16.5pt
* \topskip=12.0pt
* \footskip=29.0pt
* \marginparwidth=0.0pt
* \marginparsep=0.0pt
* \columnsep=25.6802pt
* \skip\footins=10.8pt plus 4.0pt minus 2.0pt
* \hoffset=0.0pt
* \voffset=0.0pt
* \mag=1000
* \@twocolumnfalse
* \@twosidefalse
* \@mparswitchfalse
* \@reversemarginfalse
* (1in=72.27pt=25.4mm, 1cm=28.453pt)

ABD: EveryShipout initializing macros
LaTeX Font Info:    Try loading font information for T1+ugm on input line 22.
LaTeX Font Info:    No file T1ugm.fd. on input line 22.


LaTeX Font Warning: Font shape `T1/ugm/m/n' undefined
(Font)              using `T1/cmr/m/n' instead on input line 22.


LaTeX Font Warning: Font shape `T1/cmr/m/n' in size <22> not available
(Font)              size <20.74> substituted on input line 22.


LaTeX Font Warning: Font shape `T1/ugm/m/n' in size <20> not available
(Font)              size <20.74> substituted on input line 22.


LaTeX Font Warning: Font shape `T1/ugm/m/n' in size <24> not available
(Font)              size <24.88> substituted on input line 22.

LaTeX Font Info:    External font `cmex10' loaded for size
(Font)              <12> on input line 22.
LaTeX Font Info:    External font `cmex10' loaded for size
(Font)              <8> on input line 22.
LaTeX Font Info:    External font `cmex10' loaded for size
(Font)              <6> on input line 22.

LaTeX Font Warning: Font shape `T1/ugm/m/n' in size <16> not available
(Font)              size <17.28> substituted on input line 22.

[1{C:/ProgramData/MiKTeX/2.9/pdftex/config/pdftex.map}

] (pracav1.toc
LaTeX Font Info:    External font `cmex10' loaded for size
(Font)              <10.95> on input line 1.
)
\tf@toc=\write3
 [1

]
Rozdzia\PlPrIeC {\l } 1.
[2

]
<C:/Users/Kateryna/Desktop/latex/pictures/MMCpiston.png, id=19, 278.54062pt x 3
02.63063pt>
File: C:/Users/Kateryna/Desktop/latex/pictures/MMCpiston.png Graphic file (type
 png)
 <use C:/Users/Kateryna/Desktop/latex/pictures/MMCpiston.png>
Package pdftex.def Info: C:/Users/Kateryna/Desktop/latex/pictures/MMCpiston.png
 used on input line 53.
(pdftex.def)             Requested size: 213.39568pt x 231.858pt.

<C:/Users/Kateryna/Desktop/latex/pictures/Classification.png, id=21, 665.8476pt
 x 389.7762pt>
File: C:/Users/Kateryna/Desktop/latex/pictures/Classification.png Graphic file 
(type png)

<use C:/Users/Kateryna/Desktop/latex/pictures/Classification.png>
Package pdftex.def Info: C:/Users/Kateryna/Desktop/latex/pictures/Classificatio
n.png used on input line 76.
(pdftex.def)             Requested size: 426.79135pt x 249.83655pt.
 [3 <C:/Users/Kateryna/Desktop/latex/pictures/MMCpiston.png>] [4 <C:/Users/Kate
ryna/Desktop/latex/pictures/Classification.png>]
Underfull \vbox (badness 10000) has occurred while \output is active []

 [5]
<C:/Users/Kateryna/Desktop/latex/pictures/LDPE.jpg, id=35, 281.55188pt x 98.618
44pt>
File: C:/Users/Kateryna/Desktop/latex/pictures/LDPE.jpg Graphic file (type jpg)

 <use C:/Users/Kateryna/Desktop/latex/pictures/LDPE.jpg>
Package pdftex.def Info: C:/Users/Kateryna/Desktop/latex/pictures/LDPE.jpg used
 on input line 137.
(pdftex.def)             Requested size: 213.39568pt x 74.74612pt.

<C:/Users/Kateryna/Desktop/latex/pictures/HDPE.jpg, id=36, 281.55188pt x 14.303
44pt>
File: C:/Users/Kateryna/Desktop/latex/pictures/HDPE.jpg Graphic file (type jpg)

 <use C:/Users/Kateryna/Desktop/latex/pictures/HDPE.jpg>
Package pdftex.def Info: C:/Users/Kateryna/Desktop/latex/pictures/HDPE.jpg used
 on input line 143.
(pdftex.def)             Requested size: 213.39568pt x 10.84103pt.

<C:/Users/Kateryna/Desktop/latex/pictures/PA6.jpg, id=37, 57.816pt x 34.4487pt>
File: C:/Users/Kateryna/Desktop/latex/pictures/PA6.jpg Graphic file (type jpg)
<use C:/Users/Kateryna/Desktop/latex/pictures/PA6.jpg>
Package pdftex.def Info: C:/Users/Kateryna/Desktop/latex/pictures/PA6.jpg used 
on input line 151.
(pdftex.def)             Requested size: 213.39568pt x 127.1554pt.

Underfull \vbox (badness 1681) has occurred while \output is active []

 [6 <C:/Users/Kateryna/Desktop/latex/pictures/LDPE.jpg> <C:/Users/Kateryna/Desk
top/latex/pictures/HDPE.jpg>]
Overfull \hbox (2.92545pt too wide) in paragraph at lines 189--190
\OT4/qtm/m/n/12 mia-ru (z ang. si-ze ef-fect), praw-do-po-do-bie«-stwo wy-st¡-p
ie-nia nie-do-sko-na-ªo-±ci jest mniej-
 []

[7 <C:/Users/Kateryna/Desktop/latex/pictures/PA6.jpg>]
<C:/Users/Kateryna/Desktop/latex/pictures/diameter.png, id=48, 462.22687pt x 40
4.26031pt>
File: C:/Users/Kateryna/Desktop/latex/pictures/diameter.png Graphic file (type 
png)
 <use C:/Users/Kateryna/Desktop/latex/pictures/diameter.png>
Package pdftex.def Info: C:/Users/Kateryna/Desktop/latex/pictures/diameter.png 
used on input line 196.
(pdftex.def)             Requested size: 341.43437pt x 298.61745pt.

Underfull \vbox (badness 1675) has occurred while \output is active []

 [8 <C:/Users/Kateryna/Desktop/latex/pictures/diameter.png>]
<C:/Users/Kateryna/Desktop/latex/pictures/nawijanie.png, id=54, 331.99031pt x 2
18.31563pt>
File: C:/Users/Kateryna/Desktop/latex/pictures/nawijanie.png Graphic file (type
 png)
 <use C:/Users/Kateryna/Desktop/latex/pictures/nawijanie.png>
Package pdftex.def Info: C:/Users/Kateryna/Desktop/latex/pictures/nawijanie.png
 used on input line 233.
(pdftex.def)             Requested size: 426.79135pt x 280.67224pt.

<C:/Users/Kateryna/Desktop/latex/pictures/pulltruzion.png, id=55, 506.6428pt x 
170.88844pt>
File: C:/Users/Kateryna/Desktop/latex/pictures/pulltruzion.png Graphic file (ty
pe png)
 <use C:/Users/Kateryna/Desktop/latex/pictures/pulltruzion.png>
Package pdftex.def Info: C:/Users/Kateryna/Desktop/latex/pictures/pulltruzion.p
ng used on input line 238.
(pdftex.def)             Requested size: 426.79135pt x 143.95729pt.

Underfull \vbox (badness 10000) has occurred while \output is active []

 [9 <C:/Users/Kateryna/Desktop/latex/pictures/nawijanie.png>]
<C:/Users/Kateryna/Desktop/latex/pictures/FML.png, id=60, 315.42844pt x 210.787
5pt>
File: C:/Users/Kateryna/Desktop/latex/pictures/FML.png Graphic file (type png)
 <use C:/Users/Kateryna/Desktop/latex/pictures/FML.png>
Package pdftex.def Info: C:/Users/Kateryna/Desktop/latex/pictures/FML.png used 
on input line 252.
(pdftex.def)             Requested size: 213.39568pt x 142.60349pt.
 [10 <C:/Users/Kateryna/Desktop/latex/pictures/pulltruzion.png> <C:/Users/Kater
yna/Desktop/latex/pictures/FML.png>] [11]
Rozdzia\PlPrIeC {\l } 2.
[12

]
Rozdzia\PlPrIeC {\l } 3.
[13

]
Rozdzia\PlPrIeC {\l } 4.

<C:/Users/Kateryna/Desktop/latex/pictures/sample1roz.png, id=76, 519.3804pt x 3
49.7868pt>
File: C:/Users/Kateryna/Desktop/latex/pictures/sample1roz.png Graphic file (typ
e png)
 <use C:/Users/Kateryna/Desktop/latex/pictures/sample1roz.png>
Package pdftex.def Info: C:/Users/Kateryna/Desktop/latex/pictures/sample1roz.pn
g used on input line 302.
(pdftex.def)             Requested size: 426.79135pt x 287.43015pt.

<C:/Users/Kateryna/Desktop/latex/pictures/sample2roz.png, id=77, 491.436pt x 36
1.8318pt>
File: C:/Users/Kateryna/Desktop/latex/pictures/sample2roz.png Graphic file (typ
e png)
 <use C:/Users/Kateryna/Desktop/latex/pictures/sample2roz.png>
Package pdftex.def Info: C:/Users/Kateryna/Desktop/latex/pictures/sample2roz.pn
g used on input line 307.
(pdftex.def)             Requested size: 426.79135pt x 314.25006pt.

<C:/Users/Kateryna/Desktop/latex/pictures/bothsamplesroz.png, id=78, 519.3804pt
 x 349.7868pt>
File: C:/Users/Kateryna/Desktop/latex/pictures/bothsamplesroz.png Graphic file 
(type png)

<use C:/Users/Kateryna/Desktop/latex/pictures/bothsamplesroz.png>
Package pdftex.def Info: C:/Users/Kateryna/Desktop/latex/pictures/bothsamplesro
z.png used on input line 312.
(pdftex.def)             Requested size: 426.79135pt x 287.43015pt.
 [14

] [15 <C:/Users/Kateryna/Desktop/latex/pictures/sample1roz.png> <C:/Users/Kater
yna/Desktop/latex/pictures/sample2roz.png>] [16 <C:/Users/Kateryna/Desktop/late
x/pictures/bothsamplesroz.png>]
Rozdzia\PlPrIeC {\l } 5.
[17

]
Rozdzia\PlPrIeC {\l } 6.
(pracav1.bbl [18

]) [19

] (pracav1.aux)

LaTeX Font Warning: Size substitutions with differences
(Font)              up to 1.28pt have occurred.


LaTeX Font Warning: Some font shapes were not available, defaults substituted.


LaTeX Warning: There were multiply-defined labels.

 ) 
Here is how much of TeX's memory you used:
 3333 strings out of 493698
 44378 string characters out of 3151682
 121241 words of memory out of 3000000
 6574 multiletter control sequences out of 15000+200000
 28070 words of font info for 38 fonts, out of 3000000 for 9000
 1025 hyphenation exceptions out of 8191
 44i,15n,37p,937b,269s stack positions out of 5000i,500n,10000p,200000b,50000s
{E:/MiKTeX/fonts/enc/dvips/tex-gyre/q-rm.enc}{E:/MiKTeX/fonts/enc/dvips/cm-su
per/cm-super-t1.enc}<E:/MiKTeX/fonts/type1/public/amsfonts/cm/cmmi10.pfb><E:/Mi
KTeX/fonts/type1/public/amsfonts/cm/cmmi12.pfb><E:/MiKTeX/fonts/type1/public/am
sfonts/cm/cmmi8.pfb><E:/MiKTeX/fonts/type1/public/amsfonts/cm/cmr12.pfb><E:/MiK
TeX/fonts/type1/public/amsfonts/cm/cmr6.pfb><E:/MiKTeX/fonts/type1/public/amsfo
nts/cm/cmr8.pfb><E:/MiKTeX/fonts/type1/public/amsfonts/cm/cmsy6.pfb><E:/MiKTeX/
fonts/type1/public/amsfonts/cm/cmsy8.pfb><E:/MiKTeX/fonts/type1/public/tex-gyre
/qtmb.pfb><E:/MiKTeX/fonts/type1/public/tex-gyre/qtmr.pfb><E:/MiKTeX/fonts/type
1/public/tex-gyre/qtmri.pfb><E:/MiKTeX/fonts/type1/public/cm-super/sfrm1440.pfb
><E:/MiKTeX/fonts/type1/public/cm-super/sfrm1728.pfb><E:/MiKTeX/fonts/type1/pub
lic/cm-super/sfrm2074.pfb><E:/MiKTeX/fonts/type1/public/cm-super/sfrm2488.pfb>
Output written on pracav1.pdf (20 pages, 745788 bytes).
PDF statistics:
 151 PDF objects out of 1000 (max. 8388607)
 0 named destinations out of 1000 (max. 500000)
 61 words of extra memory for PDF output out of 10000 (max. 10000000)

